Command line:
   simulacion_SIPO_isim_beh.exe
     -simmode  gui
     -simrunnum  0
     -socket  53382

Mon Jan 30 16:59:57 2017


 Elaboration Time: 0.140625 sec

 Current Memory Usage: 841.761 Meg

 Total Signals          : 37
 Total Nets             : 229
 Total Signal Drivers   : 15
 Total Blocks           : 8
 Total Primitive Blocks : 6
 Total Processes        : 14
 Total Traceable Variables  : 14
 Total Scalar Nets and Variables : 611
Total Line Count : 194

 Total Simulation Time: 0.421875 sec

 Current Memory Usage: 527.188 Meg

Mon Jan 30 20:19:24 2017

